<?xml version="1.0" encoding="UTF-8"?>
<testng-results ignored="0" total="1" passed="1" failed="0" skipped="0">
  <reporter-output>
  </reporter-output>
  <suite started-at="2024-02-05T15:46:26 IST" name="Default suite" finished-at="2024-02-05T15:46:36 IST" duration-ms="10076">
    <groups>
    </groups>
    <test started-at="2024-02-05T15:46:26 IST" name="Default test" finished-at="2024-02-05T15:46:36 IST" duration-ms="10076">
      <class name="Rest_Assured.Trelloboard">
        <test-method signature="CreateBoard()[pri:0, instance:Rest_Assured.Trelloboard@3e11f9e9]" started-at="2024-02-05T15:46:27 IST" name="CreateBoard" finished-at="2024-02-05T15:46:36 IST" duration-ms="9490" status="PASS">
          <reporter-output>
          </reporter-output>
        </test-method> <!-- CreateBoard -->
      </class> <!-- Rest_Assured.Trelloboard -->
    </test> <!-- Default test -->
  </suite> <!-- Default suite -->
</testng-results>
